<?xml version='1.0'?>
<ns2:test-suite xmlns:ns2='urn:model.allure.qatools.yandex.ru' start='1567394327100' stop='1567394329565'>
    <name>As a whetherForecast service provider, I should be able to fetch the whether details from the application successfully</name>
    <title>As a whetherForecast service provider, I should be able to fetch the whether details from the application successfully</title>
    <test-cases>
        <test-case start='1567394327106' status='failed' stop='1567394329563'>
            <name>Daily forecast should summarise the 3 hour data for maximum temperatue</name>
            <title>Daily forecast should summarise the 3 hour data for maximum temperatue</title>
            <labels>
                <label name='language' value='javascript'/>
                <label name='framework' value='wdio'/>
                <label name='thread' value='0-0'/>
            </labels>
            <parameters>
                <parameter kind='argument' name='browser' value='chrome'/>
            </parameters>
            <steps>
                <step start='1567394327108' status='passed' stop='1567394327110'>
                    <name>Given Launch Weather Forecast web application</name>
                    <title>Given Launch Weather Forecast web application</title>
                    <attachments/>
                    <steps/>
                </step>
                <step start='1567394328135' status='passed' stop='1567394329432'>
                    <name>When I enter the perth for whetherforecast</name>
                    <title>When I enter the perth for whetherforecast</title>
                    <attachments/>
                    <steps/>
                </step>
                <step start='1567394329432' status='passed' stop='1567394329517'>
                    <name>Then I should able to select a 1</name>
                    <title>Then I should able to select a 1</title>
                    <attachments/>
                    <steps/>
                </step>
                <step start='1567394329517' status='failed' stop='1567394329563'>
                    <name>Then For the 1 maximum temperature should be summarised</name>
                    <title>Then For the 1 maximum temperature should be summarised</title>
                    <attachments/>
                    <steps/>
                </step>
            </steps>
            <attachments/>
            <failure>
                <message>expected '-Infinity' to equal '14'</message>
                <stack-trace>AssertionError: expected '-Infinity' to equal '14'
                    at World.equal (/Users/vaibhavbarde/Desktop/Project/VaibhaV/acceptingTestingWeatherForecast/features/step_definitions/wheather.js:75:34)</stack-trace>
            </failure>
        </test-case>
    </test-cases>
</ns2:test-suite>